<?xml version="1.0" encoding="UTF-8"?>
<testsuite name="org.example.SimpleTest" tests="1" skipped="0" failures="0" errors="0" timestamp="2022-09-07T02:06:56" hostname="AUMB-11010" time="0.022">
  <properties/>
  <testcase name="test()" classname="org.example.SimpleTest" time="0.022"/>
  <system-out><![CDATA[]]></system-out>
  <system-err><![CDATA[]]></system-err>
</testsuite>
